<?xml version="1.0" encoding="UTF-8"?>
<!-- Generated by org.testng.reporters.JUnitReportReporter -->
<testsuite hostname="DESKTOP-55O4248" failures="0" tests="3" name="testclass.CreateLeadtest" time="33.047" errors="0" timestamp="2021-09-25T19:40:03 IST" skipped="0">
  <testcase classname="testclass.CreateLeadtest" name="login" time="17.368"/>
  <system-out/>
  <testcase classname="testclass.CreateLeadtest" name="newlead" time="3.903"/>
  <system-out/>
  <testcase classname="testclass.CreateLeadtest" name="passcompanyname" time="11.776"/>
  <system-out/>
</testsuite> <!-- testclass.CreateLeadtest -->
