<?xml version="1.0" encoding="UTF-8"?>
<!-- Generated by org.testng.reporters.JUnitReportReporter -->
<testsuite hostname="DESKTOP-55O4248" failures="0" tests="1" name="com.crm.genriclib.test" time="0.015" errors="0" timestamp="2021-09-04T10:13:39 IST" skipped="0">
  <testcase classname="com.crm.genriclib.test" name="opentest" time="0.015"/>
  <system-out>
    <![CDATA[syso]]>
  </system-out>
</testsuite> <!-- com.crm.genriclib.test -->
