<?xml version="1.0" encoding="UTF-8"?>
<!-- Generated by org.testng.reporters.JUnitReportReporter -->
<testsuite hostname="DESKTOP-55O4248" failures="0" tests="3" name="testclass.homepagetest" time="20.553" errors="0" timestamp="2021-09-06T12:24:17 IST" skipped="0">
  <testcase classname="testclass.homepagetest" name="login" time="17.200"/>
  <system-out/>
  <testcase classname="testclass.homepagetest" name="verifyhometitle" time="1.222"/>
  <system-out/>
  <testcase classname="testclass.homepagetest" name="newlead" time="2.131"/>
  <system-out/>
</testsuite> <!-- testclass.homepagetest -->
