<?xml version="1.0" encoding="UTF-8"?>
<!-- Generated by org.testng.reporters.JUnitReportReporter -->
<testsuite hostname="DESKTOP-55O4248" failures="0" tests="3" name="testclass.CreateLeadtest" time="29.390" errors="0" timestamp="2021-09-25T19:51:50 IST" skipped="0">
  <testcase classname="testclass.CreateLeadtest" name="login" time="18.913"/>
  <system-out/>
  <testcase classname="testclass.CreateLeadtest" name="newlead" time="1.509"/>
  <system-out/>
  <testcase classname="testclass.CreateLeadtest" name="passcompanyname" time="8.968"/>
  <system-out/>
</testsuite> <!-- testclass.CreateLeadtest -->
